This file contains any messages produced by compilers while
running configure, to aid debugging if configure makes a mistake.

It was created by desmume configure svn, which was
generated by GNU Autoconf 2.69.  Invocation command line was

  $ ./configure 

## --------- ##
## Platform. ##
## --------- ##

hostname = nocturne
uname -m = x86_64
uname -r = 5.6.3-arch1-1
uname -s = Linux
uname -v = #1 SMP PREEMPT Wed, 08 Apr 2020 07:47:16 +0000

/usr/bin/uname -p = unknown
/bin/uname -X     = unknown

/bin/arch              = unknown
/usr/bin/arch -k       = unknown
/usr/convex/getsysinfo = unknown
/usr/bin/hostinfo      = unknown
/bin/machine           = unknown
/usr/bin/oslevel       = unknown
/bin/universe          = unknown

PATH: /usr/local/sbin
PATH: /usr/local/bin
PATH: /usr/bin
PATH: /usr/bin/site_perl
PATH: /usr/bin/vendor_perl
PATH: /usr/bin/core_perl
PATH: /usr/local/go/bin
PATH: /usr/local/go/bin


## ----------- ##
## Core tests. ##
## ----------- ##

configure:2423: checking build system type
configure:2437: result: x86_64-unknown-linux-gnu
configure:2457: checking host system type
configure:2470: result: x86_64-unknown-linux-gnu
configure:2514: checking for a BSD-compatible install
configure:2582: result: /usr/bin/install -c
configure:2593: checking whether build environment is sane
configure:2643: result: yes
configure:2784: checking for a thread-safe mkdir -p
configure:2823: result: /usr/bin/mkdir -p
configure:2836: checking for gawk
configure:2852: found /usr/bin/gawk
configure:2863: result: gawk
configure:2874: checking whether make sets $(MAKE)
configure:2896: result: yes
configure:2971: checking how to create a pax tar archive
configure:2984: tar --version
tar (GNU tar) 1.32
Copyright (C) 2019 Free Software Foundation, Inc.
License GPLv3+: GNU GPL version 3 or later <https://gnu.org/licenses/gpl.html>.
This is free software: you are free to change and redistribute it.
There is NO WARRANTY, to the extent permitted by law.

Written by John Gilmore and Jay Fenlason.
configure:2987: $? = 0
configure:3027: tardir=conftest.dir && eval tar --format=posix -chf - "$tardir" >conftest.tar
configure:3030: $? = 0
configure:3034: tar -xf - <conftest.tar
configure:3037: $? = 0
configure:3050: result: gnutar
configure:3116: checking for g++
configure:3132: found /usr/bin/g++
configure:3143: result: g++
configure:3170: checking for C++ compiler version
configure:3179: g++ --version >&5
g++ (Arch Linux 9.3.0-1) 9.3.0
Copyright (C) 2019 Free Software Foundation, Inc.
This is free software; see the source for copying conditions.  There is NO
warranty; not even for MERCHANTABILITY or FITNESS FOR A PARTICULAR PURPOSE.

configure:3190: $? = 0
configure:3179: g++ -v >&5
Using built-in specs.
COLLECT_GCC=g++
COLLECT_LTO_WRAPPER=/usr/lib/gcc/x86_64-pc-linux-gnu/9.3.0/lto-wrapper
Target: x86_64-pc-linux-gnu
Configured with: /build/gcc/src/gcc/configure --prefix=/usr --libdir=/usr/lib --libexecdir=/usr/lib --mandir=/usr/share/man --infodir=/usr/share/info --with-pkgversion='Arch Linux 9.3.0-1' --with-bugurl=https://bugs.archlinux.org/ --enable-languages=c,c++,ada,fortran,go,lto,objc,obj-c++,d --enable-shared --enable-threads=posix --with-system-zlib --with-isl --enable-__cxa_atexit --disable-libunwind-exceptions --enable-clocale=gnu --disable-libstdcxx-pch --disable-libssp --enable-gnu-unique-object --enable-linker-build-id --enable-lto --enable-plugin --enable-install-libiberty --with-linker-hash-style=gnu --enable-gnu-indirect-function --enable-multilib --disable-werror --enable-checking=release --enable-default-pie --enable-default-ssp --enable-cet=auto gdc_include_dir=/usr/include/dlang/gdc
Thread model: posix
gcc version 9.3.0 (Arch Linux 9.3.0-1) 
configure:3190: $? = 0
configure:3179: g++ -V >&5
g++: error: unrecognized command line option '-V'
g++: fatal error: no input files
compilation terminated.
configure:3190: $? = 1
configure:3179: g++ -qversion >&5
g++: error: unrecognized command line option '-qversion'; did you mean '--version'?
g++: fatal error: no input files
compilation terminated.
configure:3190: $? = 1
configure:3210: checking whether the C++ compiler works
configure:3232: g++    conftest.cpp  >&5
configure:3236: $? = 0
configure:3284: result: yes
configure:3287: checking for C++ compiler default output file name
configure:3289: result: a.out
configure:3295: checking for suffix of executables
configure:3302: g++ -o conftest    conftest.cpp  >&5
configure:3306: $? = 0
configure:3328: result: 
configure:3350: checking whether we are cross compiling
configure:3358: g++ -o conftest    conftest.cpp  >&5
configure:3362: $? = 0
configure:3369: ./conftest
configure:3373: $? = 0
configure:3361: result: no
configure:3366: checking for suffix of object files
configure:3388: g++ -c   conftest.cpp >&5
configure:3392: $? = 0
configure:3413: result: o
configure:3417: checking whether we are using the GNU C++ compiler
configure:3436: g++ -c   conftest.cpp >&5
configure:3436: $? = 0
configure:3445: result: yes
configure:3454: checking whether g++ accepts -g
configure:3474: g++ -c -g  conftest.cpp >&5
configure:3474: $? = 0
configure:3515: result: yes
configure:3549: checking for style of include used by make
configure:3577: result: GNU
configure:3603: checking dependency style of g++
configure:3714: result: gcc3
configure:3773: checking for ranlib
configure:3789: found /usr/bin/ranlib
configure:3800: result: ranlib
configure:3871: checking for gcc
configure:3887: found /usr/bin/gcc
configure:3898: result: gcc
configure:4127: checking for C compiler version
configure:4136: gcc --version >&5
gcc (Arch Linux 9.3.0-1) 9.3.0
Copyright (C) 2019 Free Software Foundation, Inc.
This is free software; see the source for copying conditions.  There is NO
warranty; not even for MERCHANTABILITY or FITNESS FOR A PARTICULAR PURPOSE.

configure:4147: $? = 0
configure:4136: gcc -v >&5
Using built-in specs.
COLLECT_GCC=gcc
COLLECT_LTO_WRAPPER=/usr/lib/gcc/x86_64-pc-linux-gnu/9.3.0/lto-wrapper
Target: x86_64-pc-linux-gnu
Configured with: /build/gcc/src/gcc/configure --prefix=/usr --libdir=/usr/lib --libexecdir=/usr/lib --mandir=/usr/share/man --infodir=/usr/share/info --with-pkgversion='Arch Linux 9.3.0-1' --with-bugurl=https://bugs.archlinux.org/ --enable-languages=c,c++,ada,fortran,go,lto,objc,obj-c++,d --enable-shared --enable-threads=posix --with-system-zlib --with-isl --enable-__cxa_atexit --disable-libunwind-exceptions --enable-clocale=gnu --disable-libstdcxx-pch --disable-libssp --enable-gnu-unique-object --enable-linker-build-id --enable-lto --enable-plugin --enable-install-libiberty --with-linker-hash-style=gnu --enable-gnu-indirect-function --enable-multilib --disable-werror --enable-checking=release --enable-default-pie --enable-default-ssp --enable-cet=auto gdc_include_dir=/usr/include/dlang/gdc
Thread model: posix
gcc version 9.3.0 (Arch Linux 9.3.0-1) 
configure:4147: $? = 0
configure:4136: gcc -V >&5
gcc: error: unrecognized command line option '-V'
gcc: fatal error: no input files
compilation terminated.
configure:4147: $? = 1
configure:4136: gcc -qversion >&5
gcc: error: unrecognized command line option '-qversion'; did you mean '--version'?
gcc: fatal error: no input files
compilation terminated.
configure:4147: $? = 1
configure:4151: checking whether we are using the GNU C compiler
configure:4170: gcc -c   conftest.c >&5
configure:4170: $? = 0
configure:4179: result: yes
configure:4188: checking whether gcc accepts -g
configure:4208: gcc -c -g  conftest.c >&5
configure:4208: $? = 0
configure:4249: result: yes
configure:4266: checking for gcc option to accept ISO C89
configure:4329: gcc  -c -g -O2  conftest.c >&5
configure:4329: $? = 0
configure:4342: result: none needed
configure:4364: checking dependency style of gcc
configure:4475: result: gcc3
configure:4496: checking how to run the C preprocessor
configure:4527: gcc -E  conftest.c
configure:4527: $? = 0
configure:4541: gcc -E  conftest.c
conftest.c:11:10: fatal error: ac_nonexistent.h: No such file or directory
   11 | #include <ac_nonexistent.h>
      |          ^~~~~~~~~~~~~~~~~~
compilation terminated.
configure:4541: $? = 1
configure: failed program was:
| /* confdefs.h */
| #define PACKAGE_NAME "desmume"
| #define PACKAGE_TARNAME "desmume"
| #define PACKAGE_VERSION "svn"
| #define PACKAGE_STRING "desmume svn"
| #define PACKAGE_BUGREPORT ""
| #define PACKAGE_URL ""
| #define PACKAGE "desmume"
| #define VERSION "svn"
| /* end confdefs.h.  */
| #include <ac_nonexistent.h>
configure:4566: result: gcc -E
configure:4586: gcc -E  conftest.c
configure:4586: $? = 0
configure:4600: gcc -E  conftest.c
conftest.c:11:10: fatal error: ac_nonexistent.h: No such file or directory
   11 | #include <ac_nonexistent.h>
      |          ^~~~~~~~~~~~~~~~~~
compilation terminated.
configure:4600: $? = 1
configure: failed program was:
| /* confdefs.h */
| #define PACKAGE_NAME "desmume"
| #define PACKAGE_TARNAME "desmume"
| #define PACKAGE_VERSION "svn"
| #define PACKAGE_STRING "desmume svn"
| #define PACKAGE_BUGREPORT ""
| #define PACKAGE_URL ""
| #define PACKAGE "desmume"
| #define VERSION "svn"
| /* end confdefs.h.  */
| #include <ac_nonexistent.h>
configure:4629: checking for grep that handles long lines and -e
configure:4687: result: /usr/bin/grep
configure:4692: checking for egrep
configure:4754: result: /usr/bin/grep -E
configure:4759: checking for ANSI C header files
configure:4779: gcc -c -g -O2  conftest.c >&5
configure:4779: $? = 0
configure:4852: gcc -o conftest -g -O2   conftest.c  >&5
configure:4852: $? = 0
configure:4852: ./conftest
configure:4852: $? = 0
configure:4863: result: yes
configure:4876: checking for sys/types.h
configure:4876: gcc -c -g -O2  conftest.c >&5
configure:4876: $? = 0
configure:4876: result: yes
configure:4876: checking for sys/stat.h
configure:4876: gcc -c -g -O2  conftest.c >&5
configure:4876: $? = 0
configure:4876: result: yes
configure:4876: checking for stdlib.h
configure:4876: gcc -c -g -O2  conftest.c >&5
configure:4876: $? = 0
configure:4876: result: yes
configure:4876: checking for string.h
configure:4876: gcc -c -g -O2  conftest.c >&5
configure:4876: $? = 0
configure:4876: result: yes
configure:4876: checking for memory.h
configure:4876: gcc -c -g -O2  conftest.c >&5
configure:4876: $? = 0
configure:4876: result: yes
configure:4876: checking for strings.h
configure:4876: gcc -c -g -O2  conftest.c >&5
configure:4876: $? = 0
configure:4876: result: yes
configure:4876: checking for inttypes.h
configure:4876: gcc -c -g -O2  conftest.c >&5
configure:4876: $? = 0
configure:4876: result: yes
configure:4876: checking for stdint.h
configure:4876: gcc -c -g -O2  conftest.c >&5
configure:4876: $? = 0
configure:4876: result: yes
configure:4876: checking for unistd.h
configure:4876: gcc -c -g -O2  conftest.c >&5
configure:4876: $? = 0
configure:4876: result: yes
configure:4888: checking whether byte ordering is bigendian
configure:4903: gcc -c -g -O2  conftest.c >&5
conftest.c:22:9: error: unknown type name 'not'
   22 |         not a universal capable compiler
      |         ^~~
conftest.c:22:15: error: expected '=', ',', ';', 'asm' or '__attribute__' before 'universal'
   22 |         not a universal capable compiler
      |               ^~~~~~~~~
conftest.c:22:15: error: unknown type name 'universal'
configure:4903: $? = 1
configure: failed program was:
| /* confdefs.h */
| #define PACKAGE_NAME "desmume"
| #define PACKAGE_TARNAME "desmume"
| #define PACKAGE_VERSION "svn"
| #define PACKAGE_STRING "desmume svn"
| #define PACKAGE_BUGREPORT ""
| #define PACKAGE_URL ""
| #define PACKAGE "desmume"
| #define VERSION "svn"
| #define STDC_HEADERS 1
| #define HAVE_SYS_TYPES_H 1
| #define HAVE_SYS_STAT_H 1
| #define HAVE_STDLIB_H 1
| #define HAVE_STRING_H 1
| #define HAVE_MEMORY_H 1
| #define HAVE_STRINGS_H 1
| #define HAVE_INTTYPES_H 1
| #define HAVE_STDINT_H 1
| #define HAVE_UNISTD_H 1
| /* end confdefs.h.  */
| #ifndef __APPLE_CC__
| 	       not a universal capable compiler
| 	     #endif
| 	     typedef int dummy;
| 
configure:4948: gcc -c -g -O2  conftest.c >&5
configure:4948: $? = 0
configure:4966: gcc -c -g -O2  conftest.c >&5
conftest.c: In function 'main':
conftest.c:28:4: error: unknown type name 'not'; did you mean 'ino_t'?
   28 |    not big endian
      |    ^~~
      |    ino_t
conftest.c:28:12: error: expected '=', ',', ';', 'asm' or '__attribute__' before 'endian'
   28 |    not big endian
      |            ^~~~~~
configure:4966: $? = 1
configure: failed program was:
| /* confdefs.h */
| #define PACKAGE_NAME "desmume"
| #define PACKAGE_TARNAME "desmume"
| #define PACKAGE_VERSION "svn"
| #define PACKAGE_STRING "desmume svn"
| #define PACKAGE_BUGREPORT ""
| #define PACKAGE_URL ""
| #define PACKAGE "desmume"
| #define VERSION "svn"
| #define STDC_HEADERS 1
| #define HAVE_SYS_TYPES_H 1
| #define HAVE_SYS_STAT_H 1
| #define HAVE_STDLIB_H 1
| #define HAVE_STRING_H 1
| #define HAVE_MEMORY_H 1
| #define HAVE_STRINGS_H 1
| #define HAVE_INTTYPES_H 1
| #define HAVE_STDINT_H 1
| #define HAVE_UNISTD_H 1
| /* end confdefs.h.  */
| #include <sys/types.h>
| 		#include <sys/param.h>
| 
| int
| main ()
| {
| #if BYTE_ORDER != BIG_ENDIAN
| 		 not big endian
| 		#endif
| 
|   ;
|   return 0;
| }
configure:5094: result: no
configure:5131: checking whether NLS is requested
configure:5140: result: yes
configure:5168: checking for intltool-update
configure:5186: found /usr/bin/intltool-update
configure:5198: result: /usr/bin/intltool-update
configure:5208: checking for intltool-merge
configure:5226: found /usr/bin/intltool-merge
configure:5238: result: /usr/bin/intltool-merge
configure:5248: checking for intltool-extract
configure:5266: found /usr/bin/intltool-extract
configure:5278: result: /usr/bin/intltool-extract
configure:5432: checking for xgettext
configure:5450: found /usr/bin/xgettext
configure:5462: result: /usr/bin/xgettext
configure:5472: checking for msgmerge
configure:5490: found /usr/bin/msgmerge
configure:5502: result: /usr/bin/msgmerge
configure:5512: checking for msgfmt
configure:5530: found /usr/bin/msgfmt
configure:5542: result: /usr/bin/msgfmt
configure:5552: checking for gmsgfmt
configure:5583: result: /usr/bin/msgfmt
configure:5603: checking for perl
configure:5621: found /usr/bin/perl
configure:5633: result: /usr/bin/perl
configure:5644: checking for perl >= 5.8.1
configure:5651: result: 5.30.2
configure:5655: checking for XML::Parser
configure:5658: result: ok
configure:5683: gcc -o conftest -g -O2   conftest.c  >&5
configure:5683: $? = 0
configure:5710: checking for gzopen in -lz
configure:5735: gcc -o conftest -g -O2   conftest.c -lz   >&5
configure:5735: $? = 0
configure:5744: result: yes
configure:5758: checking for zzip_open in -lzzip
configure:5783: gcc -o conftest -g -O2   conftest.c -lzzip  -lz  >&5
/usr/bin/ld: cannot find -lzzip
collect2: error: ld returned 1 exit status
configure:5783: $? = 1
configure: failed program was:
| /* confdefs.h */
| #define PACKAGE_NAME "desmume"
| #define PACKAGE_TARNAME "desmume"
| #define PACKAGE_VERSION "svn"
| #define PACKAGE_STRING "desmume svn"
| #define PACKAGE_BUGREPORT ""
| #define PACKAGE_URL ""
| #define PACKAGE "desmume"
| #define VERSION "svn"
| #define STDC_HEADERS 1
| #define HAVE_SYS_TYPES_H 1
| #define HAVE_SYS_STAT_H 1
| #define HAVE_STDLIB_H 1
| #define HAVE_STRING_H 1
| #define HAVE_MEMORY_H 1
| #define HAVE_STRINGS_H 1
| #define HAVE_INTTYPES_H 1
| #define HAVE_STDINT_H 1
| #define HAVE_UNISTD_H 1
| #define SVN_REV 0
| #define SVN_REV_STR "0"
| #define HAVE_LIBZ 1
| /* end confdefs.h.  */
| 
| /* Override any GCC internal prototype to avoid an error.
|    Use char because int might match the return type of a GCC
|    builtin and then its argument prototype would still apply.  */
| #ifdef __cplusplus
| extern "C"
| #endif
| char zzip_open ();
| int
| main ()
| {
| return zzip_open ();
|   ;
|   return 0;
| }
configure:5792: result: no
configure:5832: checking for sdl-config
configure:5850: found /usr/bin/sdl-config
configure:5862: result: /usr/bin/sdl-config
configure:5884: checking GL/gl.h usability
configure:5884: gcc -c -g -O2  conftest.c >&5
configure:5884: $? = 0
configure:5884: result: yes
configure:5884: checking GL/gl.h presence
configure:5884: gcc -E  conftest.c
configure:5884: $? = 0
configure:5884: result: yes
configure:5884: checking for GL/gl.h
configure:5884: result: yes
configure:5891: checking GL/glu.h usability
configure:5891: gcc -c -g -O2  conftest.c >&5
configure:5891: $? = 0
configure:5891: result: yes
configure:5891: checking GL/glu.h presence
configure:5891: gcc -E  conftest.c
configure:5891: $? = 0
configure:5891: result: yes
configure:5891: checking for GL/glu.h
configure:5891: result: yes
configure:6059: checking for main in -ldl
configure:6078: gcc -o conftest -g -O2   conftest.c -ldl  -lz  -lGL -lGLU >&5
configure:6078: $? = 0
configure:6087: result: yes
configure:6098: checking for main in -lGL
configure:6117: gcc -o conftest -g -O2   conftest.c -lGL  -ldl -lz  -lGL -lGLU >&5
configure:6117: $? = 0
configure:6126: result: yes
configure:6139: checking GL/glx.h usability
configure:6139: gcc -c -g -O2  conftest.c >&5
configure:6139: $? = 0
configure:6139: result: yes
configure:6139: checking GL/glx.h presence
configure:6139: gcc -E  conftest.c
configure:6139: $? = 0
configure:6139: result: yes
configure:6139: checking for GL/glx.h
configure:6139: result: yes
configure:6294: checking for pkg-config
configure:6312: found /usr/bin/pkg-config
configure:6324: result: /usr/bin/pkg-config
configure:6349: checking pkg-config is at least version 0.9.0
configure:6352: result: yes
configure:6362: checking for GLIB
configure:6369: $PKG_CONFIG --exists --print-errors "glib-2.0 >= $GLIB_VER"
configure:6372: $? = 0
configure:6386: $PKG_CONFIG --exists --print-errors "glib-2.0 >= $GLIB_VER"
configure:6389: $? = 0
configure:6427: result: yes
configure:6434: checking for GTK
configure:6441: $PKG_CONFIG --exists --print-errors "gtk+-2.0 >= $GTK_VER"
configure:6444: $? = 0
configure:6458: $PKG_CONFIG --exists --print-errors "gtk+-2.0 >= $GTK_VER"
configure:6461: $? = 0
configure:6499: result: yes
configure:6509: checking for GTHREAD
configure:6516: $PKG_CONFIG --exists --print-errors ""gthread-2.0""
configure:6519: $? = 0
configure:6533: $PKG_CONFIG --exists --print-errors ""gthread-2.0""
configure:6536: $? = 0
configure:6574: result: yes
configure:6770: checking for update-desktop-database
configure:6788: found /usr/bin/update-desktop-database
configure:6800: result: /usr/bin/update-desktop-database
configure:6812: checking for LUA
configure:6819: $PKG_CONFIG --exists --print-errors "lua >= 5.1"
Package lua was not found in the pkg-config search path.
Perhaps you should add the directory containing `lua.pc'
to the PKG_CONFIG_PATH environment variable
Package 'lua', required by 'virtual:world', not found
configure:6822: $? = 1
configure:6836: $PKG_CONFIG --exists --print-errors "lua >= 5.1"
Package lua was not found in the pkg-config search path.
Perhaps you should add the directory containing `lua.pc'
to the PKG_CONFIG_PATH environment variable
Package 'lua', required by 'virtual:world', not found
configure:6839: $? = 1
configure:6853: result: no
Package 'lua', required by 'virtual:world', not found
configure:6883: checking for LUA
configure:6890: $PKG_CONFIG --exists --print-errors "lua5.1 >= 5.1"
Package lua5.1 was not found in the pkg-config search path.
Perhaps you should add the directory containing `lua5.1.pc'
to the PKG_CONFIG_PATH environment variable
Package 'lua5.1', required by 'virtual:world', not found
configure:6893: $? = 1
configure:6907: $PKG_CONFIG --exists --print-errors "lua5.1 >= 5.1"
Package lua5.1 was not found in the pkg-config search path.
Perhaps you should add the directory containing `lua5.1.pc'
to the PKG_CONFIG_PATH environment variable
Package 'lua5.1', required by 'virtual:world', not found
configure:6910: $? = 1
configure:6924: result: no
Package 'lua5.1', required by 'virtual:world', not found
configure:6966: checking for ALSA
configure:6973: $PKG_CONFIG --exists --print-errors "alsa >= 1.0"
configure:6976: $? = 0
configure:6990: $PKG_CONFIG --exists --print-errors "alsa >= 1.0"
configure:6993: $? = 0
configure:7031: result: yes
configure:7049: checking for LIBAGG
configure:7056: $PKG_CONFIG --exists --print-errors "libagg >= 2.5.0"
Package libagg was not found in the pkg-config search path.
Perhaps you should add the directory containing `libagg.pc'
to the PKG_CONFIG_PATH environment variable
Package 'libagg', required by 'virtual:world', not found
configure:7059: $? = 1
configure:7073: $PKG_CONFIG --exists --print-errors "libagg >= 2.5.0"
Package libagg was not found in the pkg-config search path.
Perhaps you should add the directory containing `libagg.pc'
to the PKG_CONFIG_PATH environment variable
Package 'libagg', required by 'virtual:world', not found
configure:7076: $? = 1
configure:7090: result: no
Package 'libagg', required by 'virtual:world', not found
configure:7139: checking for LIBSOUNDTOUCH
configure:7146: $PKG_CONFIG --exists --print-errors "soundtouch >= 1.5.0"
configure:7149: $? = 0
configure:7163: $PKG_CONFIG --exists --print-errors "soundtouch >= 1.5.0"
configure:7166: $? = 0
configure:7204: result: yes
configure:8835: checking whether to enable maintainer-specific portions of Makefiles
configure:8844: result: no
configure:9073: creating ./config.status

## ---------------------- ##
## Running config.status. ##
## ---------------------- ##

This file was extended by desmume config.status svn, which was
generated by GNU Autoconf 2.69.  Invocation command line was

  CONFIG_FILES    = 
  CONFIG_HEADERS  = 
  CONFIG_LINKS    = 
  CONFIG_COMMANDS = 
  $ ./config.status 

on nocturne

config.status:929: creating Makefile
config.status:929: creating po/Makefile.in
config.status:929: creating src/Makefile
config.status:929: creating src/cli/Makefile
config.status:929: creating src/cli/doc/Makefile
config.status:929: creating src/gtk/Makefile
config.status:929: creating src/gtk/doc/Makefile
config.status:929: creating src/gtk-glade/Makefile
config.status:929: creating src/gtk-glade/doc/Makefile
config.status:929: creating src/gdbstub/Makefile
config.status:929: creating autopackage/default.apspec
config.status:1101: executing depfiles commands
config.status:1101: executing po/stamp-it commands

## ---------------- ##
## Cache variables. ##
## ---------------- ##

ac_cv_build=x86_64-unknown-linux-gnu
ac_cv_c_bigendian=no
ac_cv_c_compiler_gnu=yes
ac_cv_cxx_compiler_gnu=yes
ac_cv_env_ALSA_CFLAGS_set=
ac_cv_env_ALSA_CFLAGS_value=
ac_cv_env_ALSA_LIBS_set=
ac_cv_env_ALSA_LIBS_value=
ac_cv_env_CCC_set=
ac_cv_env_CCC_value=
ac_cv_env_CC_set=
ac_cv_env_CC_value=
ac_cv_env_CFLAGS_set=
ac_cv_env_CFLAGS_value=
ac_cv_env_CPPFLAGS_set=
ac_cv_env_CPPFLAGS_value=
ac_cv_env_CPP_set=
ac_cv_env_CPP_value=
ac_cv_env_CXXFLAGS_set=
ac_cv_env_CXXFLAGS_value=
ac_cv_env_CXX_set=
ac_cv_env_CXX_value=
ac_cv_env_GLIB_CFLAGS_set=
ac_cv_env_GLIB_CFLAGS_value=
ac_cv_env_GLIB_LIBS_set=
ac_cv_env_GLIB_LIBS_value=
ac_cv_env_GTHREAD_CFLAGS_set=
ac_cv_env_GTHREAD_CFLAGS_value=
ac_cv_env_GTHREAD_LIBS_set=
ac_cv_env_GTHREAD_LIBS_value=
ac_cv_env_GTKGLEXT_CFLAGS_set=
ac_cv_env_GTKGLEXT_CFLAGS_value=
ac_cv_env_GTKGLEXT_LIBS_set=
ac_cv_env_GTKGLEXT_LIBS_value=
ac_cv_env_GTK_CFLAGS_set=
ac_cv_env_GTK_CFLAGS_value=
ac_cv_env_GTK_LIBS_set=
ac_cv_env_GTK_LIBS_value=
ac_cv_env_LDFLAGS_set=
ac_cv_env_LDFLAGS_value=
ac_cv_env_LIBAGG_CFLAGS_set=
ac_cv_env_LIBAGG_CFLAGS_value=
ac_cv_env_LIBAGG_LIBS_set=
ac_cv_env_LIBAGG_LIBS_value=
ac_cv_env_LIBGLADE_CFLAGS_set=
ac_cv_env_LIBGLADE_CFLAGS_value=
ac_cv_env_LIBGLADE_LIBS_set=
ac_cv_env_LIBGLADE_LIBS_value=
ac_cv_env_LIBSOUNDTOUCH_CFLAGS_set=
ac_cv_env_LIBSOUNDTOUCH_CFLAGS_value=
ac_cv_env_LIBSOUNDTOUCH_LIBS_set=
ac_cv_env_LIBSOUNDTOUCH_LIBS_value=
ac_cv_env_LIBS_set=
ac_cv_env_LIBS_value=
ac_cv_env_LUA_CFLAGS_set=
ac_cv_env_LUA_CFLAGS_value=
ac_cv_env_LUA_LIBS_set=
ac_cv_env_LUA_LIBS_value=
ac_cv_env_PKG_CONFIG_LIBDIR_set=
ac_cv_env_PKG_CONFIG_LIBDIR_value=
ac_cv_env_PKG_CONFIG_PATH_set=
ac_cv_env_PKG_CONFIG_PATH_value=
ac_cv_env_PKG_CONFIG_set=
ac_cv_env_PKG_CONFIG_value=
ac_cv_env_XMKMF_set=
ac_cv_env_XMKMF_value=
ac_cv_env_build_alias_set=
ac_cv_env_build_alias_value=
ac_cv_env_host_alias_set=
ac_cv_env_host_alias_value=
ac_cv_env_target_alias_set=
ac_cv_env_target_alias_value=
ac_cv_header_GL_gl_h=yes
ac_cv_header_GL_glu_h=yes
ac_cv_header_GL_glx_h=yes
ac_cv_header_inttypes_h=yes
ac_cv_header_memory_h=yes
ac_cv_header_stdc=yes
ac_cv_header_stdint_h=yes
ac_cv_header_stdlib_h=yes
ac_cv_header_string_h=yes
ac_cv_header_strings_h=yes
ac_cv_header_sys_stat_h=yes
ac_cv_header_sys_types_h=yes
ac_cv_header_unistd_h=yes
ac_cv_host=x86_64-unknown-linux-gnu
ac_cv_lib_GL_main=yes
ac_cv_lib_dl_main=yes
ac_cv_lib_z_gzopen=yes
ac_cv_lib_zzip_zzip_open=no
ac_cv_objext=o
ac_cv_path_EGREP='/usr/bin/grep -E'
ac_cv_path_GMSGFMT=/usr/bin/msgfmt
ac_cv_path_GREP=/usr/bin/grep
ac_cv_path_INTLTOOL_EXTRACT=/usr/bin/intltool-extract
ac_cv_path_INTLTOOL_MERGE=/usr/bin/intltool-merge
ac_cv_path_INTLTOOL_PERL=/usr/bin/perl
ac_cv_path_INTLTOOL_UPDATE=/usr/bin/intltool-update
ac_cv_path_MSGFMT=/usr/bin/msgfmt
ac_cv_path_MSGMERGE=/usr/bin/msgmerge
ac_cv_path_SDLCONFIG=/usr/bin/sdl-config
ac_cv_path_UPDATEDESKTOP=/usr/bin/update-desktop-database
ac_cv_path_XGETTEXT=/usr/bin/xgettext
ac_cv_path_ac_pt_PKG_CONFIG=/usr/bin/pkg-config
ac_cv_path_install='/usr/bin/install -c'
ac_cv_path_mkdir=/usr/bin/mkdir
ac_cv_prog_AWK=gawk
ac_cv_prog_CPP='gcc -E'
ac_cv_prog_ac_ct_CC=gcc
ac_cv_prog_ac_ct_CXX=g++
ac_cv_prog_ac_ct_RANLIB=ranlib
ac_cv_prog_cc_c89=
ac_cv_prog_cc_g=yes
ac_cv_prog_cxx_g=yes
ac_cv_prog_make_make_set=yes
am_cv_CC_dependencies_compiler_type=gcc3
am_cv_CXX_dependencies_compiler_type=gcc3
am_cv_prog_tar_pax=gnutar
pkg_cv_ALSA_CFLAGS=
pkg_cv_ALSA_LIBS='-lasound '
pkg_cv_GLIB_CFLAGS='-I/usr/include/glib-2.0 -I/usr/lib/glib-2.0/include '
pkg_cv_GLIB_LIBS='-lglib-2.0 '
pkg_cv_GTHREAD_CFLAGS='-pthread -I/usr/include/glib-2.0 -I/usr/lib/glib-2.0/include '
pkg_cv_GTHREAD_LIBS='-lgthread-2.0 -pthread -lglib-2.0 '
pkg_cv_GTK_CFLAGS='-I/usr/include/gtk-2.0 -I/usr/lib/gtk-2.0/include -I/usr/include/pango-1.0 -I/usr/include/glib-2.0 -I/usr/lib/glib-2.0/include -I/usr/include/harfbuzz -I/usr/include/fribidi -I/usr/include/freetype2 -I/usr/include/libpng16 -I/usr/include/cairo -I/usr/include/pixman-1 -I/usr/include/gdk-pixbuf-2.0 -I/usr/include/libmount -I/usr/include/blkid -I/usr/include/atk-1.0 -pthread '
pkg_cv_GTK_LIBS='-lgtk-x11-2.0 -lgdk-x11-2.0 -lpangocairo-1.0 -latk-1.0 -lcairo -lgdk_pixbuf-2.0 -lgio-2.0 -lpangoft2-1.0 -lpango-1.0 -lgobject-2.0 -lglib-2.0 -lharfbuzz -lfontconfig -lfreetype '
pkg_cv_LIBSOUNDTOUCH_CFLAGS='-I/usr/include/soundtouch '
pkg_cv_LIBSOUNDTOUCH_LIBS='-lSoundTouch '

## ----------------- ##
## Output variables. ##
## ----------------- ##

ACLOCAL='${SHELL} /home/nicklaus/Downloads/desmume-0.9.11/missing --run aclocal-1.11'
ALL_LINGUAS=''
ALSA_CFLAGS=''
ALSA_LIBS='-lasound '
AMDEPBACKSLASH='\'
AMDEP_FALSE='#'
AMDEP_TRUE=''
AMTAR='$${TAR-tar}'
AM_DEFAULT_VERBOSITY='1'
AUTOCONF='${SHELL} /home/nicklaus/Downloads/desmume-0.9.11/missing --run autoconf'
AUTOHEADER='${SHELL} /home/nicklaus/Downloads/desmume-0.9.11/missing --run autoheader'
AUTOMAKE='${SHELL} /home/nicklaus/Downloads/desmume-0.9.11/missing --run automake-1.11'
AWK='gawk'
CATALOGS=''
CATOBJEXT=''
CC='gcc'
CCDEPMODE='depmode=gcc3'
CFLAGS='-g -O2'
CPP='gcc -E'
CPPFLAGS=''
CXX='g++'
CXXDEPMODE='depmode=gcc3'
CXXFLAGS='-g -O2'
CYGPATH_W='echo'
DATADIRNAME='share'
DEFS='-DPACKAGE_NAME=\"desmume\" -DPACKAGE_TARNAME=\"desmume\" -DPACKAGE_VERSION=\"svn\" -DPACKAGE_STRING=\"desmume\ svn\" -DPACKAGE_BUGREPORT=\"\" -DPACKAGE_URL=\"\" -DPACKAGE=\"desmume\" -DVERSION=\"svn\" -DSTDC_HEADERS=1 -DHAVE_SYS_TYPES_H=1 -DHAVE_SYS_STAT_H=1 -DHAVE_STDLIB_H=1 -DHAVE_STRING_H=1 -DHAVE_MEMORY_H=1 -DHAVE_STRINGS_H=1 -DHAVE_INTTYPES_H=1 -DHAVE_STDINT_H=1 -DHAVE_UNISTD_H=1 -DSVN_REV=0 -DSVN_REV_STR=\"0\" -DHAVE_LIBZ=1 -DHAVE_GL_GL_H=1 -DHAVE_GL_GLU_H=1 -DHAVE_LIBDL=1 -DHAVE_LIBGL=1 -DHAVE_GL_GLX_H=1 -DHAVE_GL_GLX=1 -DHAVE_LIBSOUNDTOUCH=1 -DHAVE_JIT=1 -DHOST_LINUX=1 -DHOST_64=1'
DEPDIR='.deps'
ECHO_C=''
ECHO_N='-n'
ECHO_T=''
EGREP='/usr/bin/grep -E'
EXEEXT=''
GETTEXT_PACKAGE=''
GLADEUI_UNINSTALLED_DIR=''
GLIB_CFLAGS='-I/usr/include/glib-2.0 -I/usr/lib/glib-2.0/include '
GLIB_LIBS='-lglib-2.0 '
GLX_LIBS='-lX11'
GMOFILES=''
GMSGFMT='/usr/bin/msgfmt'
GREP='/usr/bin/grep'
GTHREAD_CFLAGS='-pthread -I/usr/include/glib-2.0 -I/usr/lib/glib-2.0/include '
GTHREAD_LIBS='-lgthread-2.0 -pthread -lglib-2.0 '
GTKGLEXT_CFLAGS=''
GTKGLEXT_LIBS=''
GTK_CFLAGS='-I/usr/include/gtk-2.0 -I/usr/lib/gtk-2.0/include -I/usr/include/pango-1.0 -I/usr/include/glib-2.0 -I/usr/lib/glib-2.0/include -I/usr/include/harfbuzz -I/usr/include/fribidi -I/usr/include/freetype2 -I/usr/include/libpng16 -I/usr/include/cairo -I/usr/include/pixman-1 -I/usr/include/gdk-pixbuf-2.0 -I/usr/include/libmount -I/usr/include/blkid -I/usr/include/atk-1.0 -pthread '
GTK_LIBS='-lgtk-x11-2.0 -lgdk-x11-2.0 -lpangocairo-1.0 -latk-1.0 -lcairo -lgdk_pixbuf-2.0 -lgio-2.0 -lpangoft2-1.0 -lpango-1.0 -lgobject-2.0 -lglib-2.0 -lharfbuzz -lfontconfig -lfreetype '
HAVE_ALSA_FALSE='#'
HAVE_ALSA_TRUE=''
HAVE_GDB_STUB_FALSE=''
HAVE_GDB_STUB_TRUE='#'
HAVE_GL_FALSE='#'
HAVE_GL_GLX_FALSE='#'
HAVE_GL_GLX_TRUE=''
HAVE_GL_TRUE=''
HAVE_JIT_FALSE='#'
HAVE_JIT_TRUE=''
HAVE_LIBAGG_FALSE=''
HAVE_LIBAGG_TRUE='#'
HAVE_LIBOSMESA_FALSE=''
HAVE_LIBOSMESA_TRUE='#'
HAVE_LIBSOUNDTOUCH_FALSE='#'
HAVE_LIBSOUNDTOUCH_TRUE=''
HAVE_LUA_FALSE=''
HAVE_LUA_TRUE='#'
HAVE_OPENAL_FALSE=''
HAVE_OPENAL_TRUE='#'
INSTALL_DATA='${INSTALL} -m 644'
INSTALL_PROGRAM='${INSTALL}'
INSTALL_SCRIPT='${INSTALL}'
INSTALL_STRIP_PROGRAM='$(install_sh) -c -s'
INSTOBJEXT=''
INTLLIBS=''
INTLTOOL_CAVES_RULE='%.caves:     %.caves.in     $(INTLTOOL_MERGE) $(wildcard $(top_srcdir)/po/*.po) ; $(INTLTOOL_V_MERGE)LC_ALL=C $(INTLTOOL_MERGE) $(INTLTOOL_V_MERGE_OPTIONS) -d -u -c $(top_builddir)/po/.intltool-merge-cache $(top_srcdir)/po $< $@'
INTLTOOL_DESKTOP_RULE='%.desktop:   %.desktop.in   $(INTLTOOL_MERGE) $(wildcard $(top_srcdir)/po/*.po) ; $(INTLTOOL_V_MERGE)LC_ALL=C $(INTLTOOL_MERGE) $(INTLTOOL_V_MERGE_OPTIONS) -d -u -c $(top_builddir)/po/.intltool-merge-cache $(top_srcdir)/po $< $@'
INTLTOOL_DIRECTORY_RULE='%.directory: %.directory.in $(INTLTOOL_MERGE) $(wildcard $(top_srcdir)/po/*.po) ; $(INTLTOOL_V_MERGE)LC_ALL=C $(INTLTOOL_MERGE) $(INTLTOOL_V_MERGE_OPTIONS) -d -u -c $(top_builddir)/po/.intltool-merge-cache $(top_srcdir)/po $< $@'
INTLTOOL_EXTRACT='/usr/bin/intltool-extract'
INTLTOOL_KBD_RULE='%.kbd:       %.kbd.in       $(INTLTOOL_MERGE) $(wildcard $(top_srcdir)/po/*.po) ; $(INTLTOOL_V_MERGE)LC_ALL=C $(INTLTOOL_MERGE) $(INTLTOOL_V_MERGE_OPTIONS) -x -u -m -c $(top_builddir)/po/.intltool-merge-cache $(top_srcdir)/po $< $@'
INTLTOOL_KEYS_RULE='%.keys:      %.keys.in      $(INTLTOOL_MERGE) $(wildcard $(top_srcdir)/po/*.po) ; $(INTLTOOL_V_MERGE)LC_ALL=C $(INTLTOOL_MERGE) $(INTLTOOL_V_MERGE_OPTIONS) -k -u -c $(top_builddir)/po/.intltool-merge-cache $(top_srcdir)/po $< $@'
INTLTOOL_MERGE='/usr/bin/intltool-merge'
INTLTOOL_OAF_RULE='%.oaf:       %.oaf.in       $(INTLTOOL_MERGE) $(wildcard $(top_srcdir)/po/*.po) ; $(INTLTOOL_V_MERGE)LC_ALL=C $(INTLTOOL_MERGE) $(INTLTOOL_V_MERGE_OPTIONS) -o -p $(top_srcdir)/po $< $@'
INTLTOOL_PERL='/usr/bin/perl'
INTLTOOL_POLICY_RULE='%.policy:    %.policy.in    $(INTLTOOL_MERGE) $(wildcard $(top_srcdir)/po/*.po) ; $(INTLTOOL_V_MERGE)LC_ALL=C $(INTLTOOL_MERGE) $(INTLTOOL_V_MERGE_OPTIONS) -x -u -c $(top_builddir)/po/.intltool-merge-cache $(top_srcdir)/po $< $@'
INTLTOOL_PONG_RULE='%.pong:      %.pong.in      $(INTLTOOL_MERGE) $(wildcard $(top_srcdir)/po/*.po) ; $(INTLTOOL_V_MERGE)LC_ALL=C $(INTLTOOL_MERGE) $(INTLTOOL_V_MERGE_OPTIONS) -x -u -c $(top_builddir)/po/.intltool-merge-cache $(top_srcdir)/po $< $@'
INTLTOOL_PROP_RULE='%.prop:      %.prop.in      $(INTLTOOL_MERGE) $(wildcard $(top_srcdir)/po/*.po) ; $(INTLTOOL_V_MERGE)LC_ALL=C $(INTLTOOL_MERGE) $(INTLTOOL_V_MERGE_OPTIONS) -d -u -c $(top_builddir)/po/.intltool-merge-cache $(top_srcdir)/po $< $@'
INTLTOOL_SCHEMAS_RULE='%.schemas:   %.schemas.in   $(INTLTOOL_MERGE) $(wildcard $(top_srcdir)/po/*.po) ; $(INTLTOOL_V_MERGE)LC_ALL=C $(INTLTOOL_MERGE) $(INTLTOOL_V_MERGE_OPTIONS) -s -u -c $(top_builddir)/po/.intltool-merge-cache $(top_srcdir)/po $< $@'
INTLTOOL_SERVER_RULE='%.server:    %.server.in    $(INTLTOOL_MERGE) $(wildcard $(top_srcdir)/po/*.po) ; $(INTLTOOL_V_MERGE)LC_ALL=C $(INTLTOOL_MERGE) $(INTLTOOL_V_MERGE_OPTIONS) -o -u -c $(top_builddir)/po/.intltool-merge-cache $(top_srcdir)/po $< $@'
INTLTOOL_SERVICE_RULE='%.service: %.service.in   $(INTLTOOL_MERGE) $(wildcard $(top_srcdir)/po/*.po) ; $(INTLTOOL_V_MERGE)LC_ALL=C $(INTLTOOL_MERGE) $(INTLTOOL_V_MERGE_OPTIONS) -d -u -c $(top_builddir)/po/.intltool-merge-cache $(top_srcdir)/po $< $@'
INTLTOOL_SHEET_RULE='%.sheet:     %.sheet.in     $(INTLTOOL_MERGE) $(wildcard $(top_srcdir)/po/*.po) ; $(INTLTOOL_V_MERGE)LC_ALL=C $(INTLTOOL_MERGE) $(INTLTOOL_V_MERGE_OPTIONS) -x -u -c $(top_builddir)/po/.intltool-merge-cache $(top_srcdir)/po $< $@'
INTLTOOL_SOUNDLIST_RULE='%.soundlist: %.soundlist.in $(INTLTOOL_MERGE) $(wildcard $(top_srcdir)/po/*.po) ; $(INTLTOOL_V_MERGE)LC_ALL=C $(INTLTOOL_MERGE) $(INTLTOOL_V_MERGE_OPTIONS) -d -u -c $(top_builddir)/po/.intltool-merge-cache $(top_srcdir)/po $< $@'
INTLTOOL_THEME_RULE='%.theme:     %.theme.in     $(INTLTOOL_MERGE) $(wildcard $(top_srcdir)/po/*.po) ; $(INTLTOOL_V_MERGE)LC_ALL=C $(INTLTOOL_MERGE) $(INTLTOOL_V_MERGE_OPTIONS) -d -u -c $(top_builddir)/po/.intltool-merge-cache $(top_srcdir)/po $< $@'
INTLTOOL_UI_RULE='%.ui:        %.ui.in        $(INTLTOOL_MERGE) $(wildcard $(top_srcdir)/po/*.po) ; $(INTLTOOL_V_MERGE)LC_ALL=C $(INTLTOOL_MERGE) $(INTLTOOL_V_MERGE_OPTIONS) -x -u -c $(top_builddir)/po/.intltool-merge-cache $(top_srcdir)/po $< $@'
INTLTOOL_UPDATE='/usr/bin/intltool-update'
INTLTOOL_V_MERGE='$(INTLTOOL__v_MERGE_$(V))'
INTLTOOL_V_MERGE_OPTIONS='$(intltool__v_merge_options_$(V))'
INTLTOOL_XAM_RULE='%.xam:       %.xml.in       $(INTLTOOL_MERGE) $(wildcard $(top_srcdir)/po/*.po) ; $(INTLTOOL_V_MERGE)LC_ALL=C $(INTLTOOL_MERGE) $(INTLTOOL_V_MERGE_OPTIONS) -x -u -c $(top_builddir)/po/.intltool-merge-cache $(top_srcdir)/po $< $@'
INTLTOOL_XML_NOMERGE_RULE='%.xml:       %.xml.in       $(INTLTOOL_MERGE) ; $(INTLTOOL_V_MERGE)LC_ALL=C $(INTLTOOL_MERGE) $(INTLTOOL_V_MERGE_OPTIONS) -x -u --no-translations $< $@'
INTLTOOL_XML_RULE='%.xml:       %.xml.in       $(INTLTOOL_MERGE) $(wildcard $(top_srcdir)/po/*.po) ; $(INTLTOOL_V_MERGE)LC_ALL=C $(INTLTOOL_MERGE) $(INTLTOOL_V_MERGE_OPTIONS) -x -u -c $(top_builddir)/po/.intltool-merge-cache $(top_srcdir)/po $< $@'
INTLTOOL__v_MERGE_0='@echo "  ITMRG " $@;'
INTLTOOL__v_MERGE_='$(INTLTOOL__v_MERGE_$(AM_DEFAULT_VERBOSITY))'
LDFLAGS=''
LIBAGG_CFLAGS=''
LIBAGG_LIBS=''
LIBGLADE_CFLAGS=''
LIBGLADE_LIBS=''
LIBOBJS=''
LIBS='-lGL -ldl -lz  -lGL -lGLU'
LIBSOUNDTOUCH_CFLAGS='-I/usr/include/soundtouch '
LIBSOUNDTOUCH_LIBS='-lSoundTouch '
LTLIBOBJS=''
LUA_CFLAGS=''
LUA_LIBS=''
MAINT='#'
MAINTAINER_MODE_FALSE=''
MAINTAINER_MODE_TRUE='#'
MAKEINFO='${SHELL} /home/nicklaus/Downloads/desmume-0.9.11/missing --run makeinfo'
MKDIR_P='/usr/bin/mkdir -p'
MKINSTALLDIRS=''
MSGFMT='/usr/bin/msgfmt'
MSGFMT_OPTS=''
MSGMERGE='/usr/bin/msgmerge'
OBJEXT='o'
OSMESA_LIBS=''
PACKAGE='desmume'
PACKAGE_BUGREPORT=''
PACKAGE_NAME='desmume'
PACKAGE_STRING='desmume svn'
PACKAGE_TARNAME='desmume'
PACKAGE_URL=''
PACKAGE_VERSION='svn'
PATH_SEPARATOR=':'
PKG_CONFIG='/usr/bin/pkg-config'
PKG_CONFIG_LIBDIR=''
PKG_CONFIG_PATH=''
POFILES=''
POSUB=''
PO_DIR='po'
PO_IN_DATADIR_FALSE=''
PO_IN_DATADIR_TRUE=''
RANLIB='ranlib'
SDLCONFIG='/usr/bin/sdl-config'
SDL_CFLAGS='-I/usr/include/SDL -D_GNU_SOURCE=1 -D_REENTRANT'
SDL_LIBS='-L/usr/lib -lSDL -lpthread'
SET_MAKE=''
SHELL='/bin/sh'
STRIP=''
UI_DIR='gtk cli '
UPDATEDESKTOP='/usr/bin/update-desktop-database'
USE_MAINTAINER_MODE='no'
USE_NLS='yes'
VERSION='svn'
XGETTEXT='/usr/bin/xgettext'
XMKMF=''
X_CFLAGS=''
X_EXTRA_LIBS=''
X_LIBS=''
X_PRE_LIBS=''
ac_ct_CC='gcc'
ac_ct_CXX='g++'
am__EXEEXT_FALSE=''
am__EXEEXT_TRUE='#'
am__fastdepCC_FALSE='#'
am__fastdepCC_TRUE=''
am__fastdepCXX_FALSE='#'
am__fastdepCXX_TRUE=''
am__include='include'
am__isrc=''
am__leading_dot='.'
am__nodep='_no'
am__quote=''
am__tar='tar --format=posix -chf - "$$tardir"'
am__untar='tar -xf -'
bindir='${exec_prefix}/bin'
build='x86_64-unknown-linux-gnu'
build_alias=''
build_cpu='x86_64'
build_os='linux-gnu'
build_vendor='unknown'
datadir='${datarootdir}'
datarootdir='${prefix}/share'
desmume_arch='linux'
docdir='${datarootdir}/doc/${PACKAGE_TARNAME}'
dvidir='${docdir}'
exec_prefix='${prefix}'
host='x86_64-unknown-linux-gnu'
host_alias=''
host_cpu='x86_64'
host_os='linux-gnu'
host_vendor='unknown'
htmldir='${docdir}'
includedir='${prefix}/include'
infodir='${datarootdir}/info'
install_sh='${SHELL} /home/nicklaus/Downloads/desmume-0.9.11/install-sh'
intltool__v_merge_options_0='-q'
intltool__v_merge_options_='$(intltool__v_merge_options_$(AM_DEFAULT_VERBOSITY))'
libdir='${exec_prefix}/lib'
libexecdir='${exec_prefix}/libexec'
localedir='${datarootdir}/locale'
localstatedir='${prefix}/var'
mandir='${datarootdir}/man'
mkdir_p='/usr/bin/mkdir -p'
oldincludedir='/usr/include'
pdfdir='${docdir}'
prefix='/usr/local'
program_transform_name='s,x,x,'
psdir='${docdir}'
sbindir='${exec_prefix}/sbin'
sharedstatedir='${prefix}/com'
sysconfdir='${prefix}/etc'
target_alias=''

## ----------- ##
## confdefs.h. ##
## ----------- ##

/* confdefs.h */
#define PACKAGE_NAME "desmume"
#define PACKAGE_TARNAME "desmume"
#define PACKAGE_VERSION "svn"
#define PACKAGE_STRING "desmume svn"
#define PACKAGE_BUGREPORT ""
#define PACKAGE_URL ""
#define PACKAGE "desmume"
#define VERSION "svn"
#define STDC_HEADERS 1
#define HAVE_SYS_TYPES_H 1
#define HAVE_SYS_STAT_H 1
#define HAVE_STDLIB_H 1
#define HAVE_STRING_H 1
#define HAVE_MEMORY_H 1
#define HAVE_STRINGS_H 1
#define HAVE_INTTYPES_H 1
#define HAVE_STDINT_H 1
#define HAVE_UNISTD_H 1
#define SVN_REV 0
#define SVN_REV_STR "0"
#define HAVE_LIBZ 1
#define HAVE_GL_GL_H 1
#define HAVE_GL_GLU_H 1
#define HAVE_LIBDL 1
#define HAVE_LIBGL 1
#define HAVE_GL_GLX_H 1
#define HAVE_GL_GLX 1
#define HAVE_LIBSOUNDTOUCH 1
#define HAVE_JIT 1
#define HOST_LINUX 1
#define HOST_64 1

configure: exit 0
